<?xml version="1.0" encoding="UTF-8"?>
<!-- Generated by org.testng.reporters.JUnitReportReporter -->
<testsuite hostname="DESKTOP-O25JN91" failures="0" tests="11" name="tests.BuyProductsTestNG" time="6.458" errors="0" timestamp="2023-11-07T18:08:54 IST" skipped="0">
  <testcase classname="tests.BuyProductsTestNG" name="tc06_MovetoCartPage" time="0.349"/>
  <system-out/>
  <testcase classname="tests.BuyProductsTestNG" name="tc11_FinishPage" time="0.049"/>
  <system-out/>
  <testcase classname="tests.BuyProductsTestNG" name="tc03_Chooseproduct" time="0.714"/>
  <system-out/>
  <testcase classname="tests.BuyProductsTestNG" name="tc04_Chooseproduct" time="0.618"/>
  <system-out/>
  <testcase classname="tests.BuyProductsTestNG" name="tc01_login" time="2.017"/>
  <system-out/>
  <testcase classname="tests.BuyProductsTestNG" name="tc02_productsList" time="0.156"/>
  <system-out/>
  <testcase classname="tests.BuyProductsTestNG" name="tc08_ChackOut" time="0.327"/>
  <system-out/>
  <testcase classname="tests.BuyProductsTestNG" name="tc10_OverView" time="0.502"/>
  <system-out/>
  <testcase classname="tests.BuyProductsTestNG" name="tc07_DeleteProduct" time="0.223"/>
  <system-out/>
  <testcase classname="tests.BuyProductsTestNG" name="tc09_ChackOutForm" time="0.808"/>
  <system-out/>
  <testcase classname="tests.BuyProductsTestNG" name="tc05_Chooseproduct" time="0.695"/>
  <system-out/>
</testsuite> <!-- tests.BuyProductsTestNG -->
