<?xml version="1.0" encoding="UTF-8"?>
<!-- Generated by org.testng.reporters.JUnitReportReporter -->
<testsuite hostname="DESKTOP-O25JN91" failures="0" tests="7" name="tests.LoginTestNg" time="1.532" errors="0" timestamp="2023-10-31T12:21:50 IST" skipped="0">
  <testcase classname="tests.LoginTestNg" name="tc04_loginpass" time="0.234"/>
  <system-out/>
  <testcase classname="tests.LoginTestNg" name="tc02_loginFailed2" time="0.188"/>
  <system-out/>
  <testcase classname="tests.LoginTestNg" name="tc03_loginFailed3" time="0.213"/>
  <system-out/>
  <testcase classname="tests.LoginTestNg" name="tc03_loginFailed3" time="0.282"/>
  <system-out/>
  <testcase classname="tests.LoginTestNg" name="tc03_loginFailed3" time="0.211"/>
  <system-out/>
  <testcase classname="tests.LoginTestNg" name="tc01_loginFailed" time="0.122"/>
  <system-out/>
  <testcase classname="tests.LoginTestNg" name="tc03_loginFailed3" time="0.282"/>
  <system-out/>
</testsuite> <!-- tests.LoginTestNg -->
